0 info it worked if it ends with ok
1 verbose cli [ '/usr/local/share/nvm/versions/node/v7.0.0/bin/node',
1 verbose cli   '/home/codespace/nvm/current/bin/npm',
1 verbose cli   'run',
1 verbose cli   'next',
1 verbose cli   'dev' ]
2 info using npm@3.10.8
3 info using node@v7.0.0
4 verbose stack Error: missing script: next
4 verbose stack     at run (/usr/local/share/nvm/versions/node/v7.0.0/lib/node_modules/npm/lib/run-script.js:151:19)
4 verbose stack     at /usr/local/share/nvm/versions/node/v7.0.0/lib/node_modules/npm/lib/run-script.js:61:5
4 verbose stack     at /usr/local/share/nvm/versions/node/v7.0.0/lib/node_modules/npm/node_modules/read-package-json/read-json.js:356:5
4 verbose stack     at checkBinReferences_ (/usr/local/share/nvm/versions/node/v7.0.0/lib/node_modules/npm/node_modules/read-package-json/read-json.js:320:45)
4 verbose stack     at final (/usr/local/share/nvm/versions/node/v7.0.0/lib/node_modules/npm/node_modules/read-package-json/read-json.js:354:3)
4 verbose stack     at then (/usr/local/share/nvm/versions/node/v7.0.0/lib/node_modules/npm/node_modules/read-package-json/read-json.js:124:5)
4 verbose stack     at /usr/local/share/nvm/versions/node/v7.0.0/lib/node_modules/npm/node_modules/read-package-json/read-json.js:311:12
4 verbose stack     at /usr/local/share/nvm/versions/node/v7.0.0/lib/node_modules/npm/node_modules/graceful-fs/graceful-fs.js:78:16
4 verbose stack     at tryToString (fs.js:425:3)
4 verbose stack     at FSReqWrap.readFileAfterClose [as oncomplete] (fs.js:412:12)
5 verbose cwd /workspaces/clone-tabnews
6 error Linux 6.5.0-1025-azure
7 error argv "/usr/local/share/nvm/versions/node/v7.0.0/bin/node" "/home/codespace/nvm/current/bin/npm" "run" "next" "dev"
8 error node v7.0.0
9 error npm  v3.10.8
10 error missing script: next
11 error If you need help, you may report this error at:
11 error     <https://github.com/npm/npm/issues>
12 verbose exit [ 1, true ]
